{
  "stats": {
    "suites": 1,
    "tests": 1,
    "passes": 1,
    "pending": 0,
    "failures": 0,
    "start": "2023-05-31T15:20:40.493Z",
    "end": "2023-05-31T15:20:41.101Z",
    "duration": 608,
    "testsRegistered": 1,
    "passPercent": 100,
    "pendingPercent": 0,
    "other": 0,
    "hasOther": false,
    "skipped": 0,
    "hasSkipped": false
  },
  "results": [
    {
      "uuid": "59542cb7-87fb-4b9c-8c27-899daaa0526f",
      "title": "",
      "fullFile": "cypress\\e2e\\money-history.cy.ts",
      "file": "cypress\\e2e\\money-history.cy.ts",
      "beforeHooks": [],
      "afterHooks": [],
      "tests": [],
      "suites": [
        {
          "uuid": "27ce9dd0-e0cd-4e28-824b-c97982f0d6df",
          "title": "Money history",
          "fullFile": "",
          "file": "",
          "beforeHooks": [],
          "afterHooks": [],
          "tests": [
            {
              "title": "should display the money history of the user",
              "fullTitle": "Money history should display the money history of the user",
              "timedOut": null,
              "duration": 593,
              "state": "passed",
              "speed": "fast",
              "pass": true,
              "fail": false,
              "pending": false,
              "context": null,
              "code": "storeUserInLocalStorage();\ncy.visit('/users/money/history');\ncy.wait('@history');\ncy.get('h1').should('contain', 'Money history');\ncy.get('canvas').should('exist');",
              "err": {},
              "uuid": "2d8ad84c-3a09-4818-a4f7-c6530abb5fd4",
              "parentUUID": "27ce9dd0-e0cd-4e28-824b-c97982f0d6df",
              "isHook": false,
              "skipped": false
            }
          ],
          "suites": [],
          "passes": [
            "2d8ad84c-3a09-4818-a4f7-c6530abb5fd4"
          ],
          "failures": [],
          "pending": [],
          "skipped": [],
          "duration": 593,
          "root": false,
          "rootEmpty": false,
          "_timeout": 2000
        }
      ],
      "passes": [],
      "failures": [],
      "pending": [],
      "skipped": [],
      "duration": 0,
      "root": true,
      "rootEmpty": true,
      "_timeout": 2000
    }
  ],
  "meta": {
    "mocha": {
      "version": "7.0.1"
    },
    "mochawesome": {
      "options": {
        "quiet": false,
        "reportFilename": "mochawesome",
        "saveHtml": false,
        "saveJson": true,
        "consoleReporter": "spec",
        "useInlineDiffs": false,
        "code": true
      },
      "version": "7.1.3"
    },
    "marge": {
      "options": {
        "reportDir": "results/mochawesome",
        "overwrite": false,
        "html": false,
        "json": true
      },
      "version": "6.2.0"
    }
  }
}